<?xml version="1.0" encoding="UTF-8"?>
<testsuite name="entities.GuessedWordTest" tests="2" skipped="0" failures="0" errors="0" timestamp="2023-08-06T23:39:49" hostname="DUMB" time="0.034">
  <properties/>
  <testcase name="isWordGuessed()" classname="entities.GuessedWordTest" time="0.031"/>
  <testcase name="testTrueAndFalseMakeGuess()" classname="entities.GuessedWordTest" time="0.002"/>
  <system-out><![CDATA[]]></system-out>
  <system-err><![CDATA[]]></system-err>
</testsuite>
